22:31:27 INFO  : Registering command handlers for SDK TCF services
22:31:29 INFO  : Launching XSCT server: xsct.bat -interactive C:\Users\jrcd_\Documents\Code\MyS\fpga-uart-counter-2\project_1.sdk\temp_xsdb_launch_script.tcl
22:31:32 INFO  : XSCT server has started successfully.
22:31:37 INFO  : Successfully done setting XSCT server connection channel  
22:31:37 INFO  : Successfully done setting SDK workspace  
22:31:37 INFO  : Processing command line option -hwspec C:/Users/jrcd_/Documents/Code/MyS/fpga-uart-counter-2/project_1.sdk/design_1_wrapper.hdf.
12:36:52 INFO  : Connected to target on host 'lseserver.ddns.net' and port '3121'.
12:37:34 INFO  : Connected to target on host 'lseserver.ddns.net' and port '3121'.
12:38:22 INFO  : Connected to target on host 'lseserver.ddns.net' and port '3121'.
12:39:21 INFO  : 'targets -set -filter {jtag_cable_name =~ "Digilent Arty Z7 003017A4C8ABA" && level==0} -index 1' command is executed.
12:39:21 INFO  : 'fpga -state' command is executed.
12:39:23 INFO  : Connected through redirection to target on host 'lseserver.ddns.net' and port '3121'.
12:39:24 WARN  : SDK version '2018.1' doesn't match hw_server version '2023.2'. Some debug features may not work.
12:39:30 INFO  : Jtag cable 'Digilent Arty Z7 003017A4C8ABA' is selected.
12:39:30 INFO  : 'jtag frequency' command is executed.
12:39:30 INFO  : Sourcing of 'C:/Users/jrcd_/Documents/Code/MyS/fpga-uart-counter-2/project_1.sdk/design_1_wrapper_hw_platform_0/ps7_init.tcl' is done.
12:39:31 INFO  : Context for 'APU' is selected.
12:39:32 INFO  : Hardware design information is loaded from 'C:/Users/jrcd_/Documents/Code/MyS/fpga-uart-counter-2/project_1.sdk/design_1_wrapper_hw_platform_0/system.hdf'.
12:39:33 INFO  : 'configparams force-mem-access 1' command is executed.
12:39:33 INFO  : Context for 'APU' is selected.
12:39:35 INFO  : 'stop' command is executed.
12:41:11 INFO  : 'ps7_init' command is executed.
12:41:12 INFO  : 'ps7_post_config' command is executed.
12:41:13 INFO  : Context for processor 'ps7_cortexa9_0' is selected.
12:41:14 INFO  : Processor reset is completed for 'ps7_cortexa9_0'.
12:41:15 INFO  : Context for processor 'ps7_cortexa9_0' is selected.
12:41:16 INFO  : The application 'C:/Users/jrcd_/Documents/Code/MyS/fpga-uart-counter-2/project_1.sdk/contador/Debug/contador.elf' is downloaded to processor 'ps7_cortexa9_0'.
12:41:17 INFO  : 'configparams force-mem-access 0' command is executed.
12:41:17 INFO  : ----------------XSDB Script----------------
connect -path [list tcp::1534 tcp:lseserver.ddns.net:3121]
source C:/Users/jrcd_/Documents/Code/MyS/fpga-uart-counter-2/project_1.sdk/design_1_wrapper_hw_platform_0/ps7_init.tcl
targets -set -nocase -filter {name =~"APU*" && jtag_cable_name =~ "Digilent Arty Z7 003017A4C8ABA"} -index 0
loadhw -hw C:/Users/jrcd_/Documents/Code/MyS/fpga-uart-counter-2/project_1.sdk/design_1_wrapper_hw_platform_0/system.hdf -mem-ranges [list {0x40000000 0xbfffffff}]
configparams force-mem-access 1
targets -set -nocase -filter {name =~"APU*" && jtag_cable_name =~ "Digilent Arty Z7 003017A4C8ABA"} -index 0
stop
ps7_init
ps7_post_config
targets -set -nocase -filter {name =~ "ARM*#0" && jtag_cable_name =~ "Digilent Arty Z7 003017A4C8ABA"} -index 0
rst -processor
targets -set -nocase -filter {name =~ "ARM*#0" && jtag_cable_name =~ "Digilent Arty Z7 003017A4C8ABA"} -index 0
dow C:/Users/jrcd_/Documents/Code/MyS/fpga-uart-counter-2/project_1.sdk/contador/Debug/contador.elf
configparams force-mem-access 0
----------------End of Script----------------

12:41:19 INFO  : Memory regions updated for context APU
12:41:19 INFO  : Context for processor 'ps7_cortexa9_0' is selected.
12:41:19 INFO  : 'con' command is executed.
12:41:19 INFO  : ----------------XSDB Script (After Launch)----------------
targets -set -nocase -filter {name =~ "ARM*#0" && jtag_cable_name =~ "Digilent Arty Z7 003017A4C8ABA"} -index 0
con
----------------End of Script----------------

12:41:19 INFO  : Launch script is exported to file 'C:\Users\jrcd_\Documents\Code\MyS\fpga-uart-counter-2\project_1.sdk\.sdk\launch_scripts\xilinx_c-c++_application_(system_debugger)\system_debugger_using_debug_contador.elf_on_server.tcl'
15:20:40 INFO  : Disconnected from the channel tcfchan#2.
15:20:41 INFO  : 'targets -set -filter {jtag_cable_name =~ "Digilent Arty Z7 003017A4C8ABA" && level==0} -index 1' command is executed.
15:20:42 INFO  : 'fpga -state' command is executed.
15:20:42 INFO  : Connected through redirection to target on host 'lseserver.ddns.net' and port '3121'.
15:20:43 WARN  : SDK version '2018.1' doesn't match hw_server version '2023.2'. Some debug features may not work.
15:20:48 INFO  : Jtag cable 'Digilent Arty Z7 003017A4C8ABA' is selected.
15:20:48 INFO  : 'jtag frequency' command is executed.
15:20:48 INFO  : Sourcing of 'C:/Users/jrcd_/Documents/Code/MyS/fpga-uart-counter-2/project_1.sdk/design_1_wrapper_hw_platform_0/ps7_init.tcl' is done.
15:20:50 INFO  : Context for 'APU' is selected.
15:20:53 INFO  : Hardware design information is loaded from 'C:/Users/jrcd_/Documents/Code/MyS/fpga-uart-counter-2/project_1.sdk/design_1_wrapper_hw_platform_0/system.hdf'.
15:20:53 INFO  : 'configparams force-mem-access 1' command is executed.
15:20:54 INFO  : Context for 'APU' is selected.
15:20:55 INFO  : 'stop' command is executed.
15:22:17 INFO  : 'ps7_init' command is executed.
15:22:19 INFO  : 'ps7_post_config' command is executed.
15:22:19 INFO  : Context for processor 'ps7_cortexa9_0' is selected.
15:22:20 INFO  : Processor reset is completed for 'ps7_cortexa9_0'.
15:22:21 INFO  : Context for processor 'ps7_cortexa9_0' is selected.
15:22:22 INFO  : The application 'C:/Users/jrcd_/Documents/Code/MyS/fpga-uart-counter-2/project_1.sdk/contador/Debug/contador.elf' is downloaded to processor 'ps7_cortexa9_0'.
15:22:22 INFO  : 'configparams force-mem-access 0' command is executed.
15:22:22 INFO  : ----------------XSDB Script----------------
connect -path [list tcp::1534 tcp:lseserver.ddns.net:3121]
source C:/Users/jrcd_/Documents/Code/MyS/fpga-uart-counter-2/project_1.sdk/design_1_wrapper_hw_platform_0/ps7_init.tcl
targets -set -nocase -filter {name =~"APU*" && jtag_cable_name =~ "Digilent Arty Z7 003017A4C8ABA"} -index 0
loadhw -hw C:/Users/jrcd_/Documents/Code/MyS/fpga-uart-counter-2/project_1.sdk/design_1_wrapper_hw_platform_0/system.hdf -mem-ranges [list {0x40000000 0xbfffffff}]
configparams force-mem-access 1
targets -set -nocase -filter {name =~"APU*" && jtag_cable_name =~ "Digilent Arty Z7 003017A4C8ABA"} -index 0
stop
ps7_init
ps7_post_config
targets -set -nocase -filter {name =~ "ARM*#0" && jtag_cable_name =~ "Digilent Arty Z7 003017A4C8ABA"} -index 0
rst -processor
targets -set -nocase -filter {name =~ "ARM*#0" && jtag_cable_name =~ "Digilent Arty Z7 003017A4C8ABA"} -index 0
dow C:/Users/jrcd_/Documents/Code/MyS/fpga-uart-counter-2/project_1.sdk/contador/Debug/contador.elf
configparams force-mem-access 0
----------------End of Script----------------

15:22:24 INFO  : Memory regions updated for context APU
15:22:24 INFO  : Context for processor 'ps7_cortexa9_0' is selected.
15:22:25 INFO  : 'con' command is executed.
15:22:25 INFO  : ----------------XSDB Script (After Launch)----------------
targets -set -nocase -filter {name =~ "ARM*#0" && jtag_cable_name =~ "Digilent Arty Z7 003017A4C8ABA"} -index 0
con
----------------End of Script----------------

15:22:25 INFO  : Launch script is exported to file 'C:\Users\jrcd_\Documents\Code\MyS\fpga-uart-counter-2\project_1.sdk\.sdk\launch_scripts\xilinx_c-c++_application_(system_debugger)\system_debugger_using_debug_contador.elf_on_server.tcl'
16:06:14 INFO  : Disconnected from the channel tcfchan#3.
16:06:16 INFO  : 'targets -set -filter {jtag_cable_name =~ "Digilent Arty Z7 003017A4C8ABA" && level==0} -index 1' command is executed.
16:06:16 INFO  : 'fpga -state' command is executed.
16:06:16 INFO  : Connected through redirection to target on host 'lseserver.ddns.net' and port '3121'.
16:06:17 WARN  : SDK version '2018.1' doesn't match hw_server version '2023.2'. Some debug features may not work.
16:06:21 INFO  : Jtag cable 'Digilent Arty Z7 003017A4C8ABA' is selected.
16:06:21 INFO  : 'jtag frequency' command is executed.
16:06:21 INFO  : Sourcing of 'C:/Users/jrcd_/Documents/Code/MyS/fpga-uart-counter-2/project_1.sdk/design_1_wrapper_hw_platform_0/ps7_init.tcl' is done.
16:06:22 INFO  : Context for 'APU' is selected.
16:06:25 INFO  : Hardware design information is loaded from 'C:/Users/jrcd_/Documents/Code/MyS/fpga-uart-counter-2/project_1.sdk/design_1_wrapper_hw_platform_0/system.hdf'.
16:06:25 INFO  : 'configparams force-mem-access 1' command is executed.
16:06:26 INFO  : Context for 'APU' is selected.
16:06:28 INFO  : 'stop' command is executed.
16:08:18 INFO  : 'ps7_init' command is executed.
16:08:20 INFO  : 'ps7_post_config' command is executed.
16:08:20 INFO  : Context for processor 'ps7_cortexa9_0' is selected.
16:08:21 INFO  : Processor reset is completed for 'ps7_cortexa9_0'.
16:08:22 INFO  : Context for processor 'ps7_cortexa9_0' is selected.
16:08:23 INFO  : The application 'C:/Users/jrcd_/Documents/Code/MyS/fpga-uart-counter-2/project_1.sdk/contador/Debug/contador.elf' is downloaded to processor 'ps7_cortexa9_0'.
16:08:24 INFO  : 'configparams force-mem-access 0' command is executed.
16:08:24 INFO  : ----------------XSDB Script----------------
connect -path [list tcp::1534 tcp:lseserver.ddns.net:3121]
source C:/Users/jrcd_/Documents/Code/MyS/fpga-uart-counter-2/project_1.sdk/design_1_wrapper_hw_platform_0/ps7_init.tcl
targets -set -nocase -filter {name =~"APU*" && jtag_cable_name =~ "Digilent Arty Z7 003017A4C8ABA"} -index 0
loadhw -hw C:/Users/jrcd_/Documents/Code/MyS/fpga-uart-counter-2/project_1.sdk/design_1_wrapper_hw_platform_0/system.hdf -mem-ranges [list {0x40000000 0xbfffffff}]
configparams force-mem-access 1
targets -set -nocase -filter {name =~"APU*" && jtag_cable_name =~ "Digilent Arty Z7 003017A4C8ABA"} -index 0
stop
ps7_init
ps7_post_config
targets -set -nocase -filter {name =~ "ARM*#0" && jtag_cable_name =~ "Digilent Arty Z7 003017A4C8ABA"} -index 0
rst -processor
targets -set -nocase -filter {name =~ "ARM*#0" && jtag_cable_name =~ "Digilent Arty Z7 003017A4C8ABA"} -index 0
dow C:/Users/jrcd_/Documents/Code/MyS/fpga-uart-counter-2/project_1.sdk/contador/Debug/contador.elf
configparams force-mem-access 0
----------------End of Script----------------

16:08:25 INFO  : Memory regions updated for context APU
16:08:26 INFO  : Context for processor 'ps7_cortexa9_0' is selected.
16:08:26 INFO  : 'con' command is executed.
16:08:26 INFO  : ----------------XSDB Script (After Launch)----------------
targets -set -nocase -filter {name =~ "ARM*#0" && jtag_cable_name =~ "Digilent Arty Z7 003017A4C8ABA"} -index 0
con
----------------End of Script----------------

16:08:26 INFO  : Launch script is exported to file 'C:\Users\jrcd_\Documents\Code\MyS\fpga-uart-counter-2\project_1.sdk\.sdk\launch_scripts\xilinx_c-c++_application_(system_debugger)\system_debugger_using_debug_contador.elf_on_server.tcl'
16:15:54 INFO  : Disconnected from the channel tcfchan#4.
16:15:56 INFO  : 'targets -set -filter {jtag_cable_name =~ "Digilent Arty Z7 003017A4C8ABA" && level==0} -index 1' command is executed.
16:15:56 INFO  : 'fpga -state' command is executed.
16:15:56 INFO  : Connected through redirection to target on host 'lseserver.ddns.net' and port '3121'.
16:15:58 WARN  : SDK version '2018.1' doesn't match hw_server version '2023.2'. Some debug features may not work.
16:15:58 INFO  : Jtag cable 'Digilent Arty Z7 003017A4C8ABA' is selected.
16:15:58 INFO  : 'jtag frequency' command is executed.
16:15:58 INFO  : Sourcing of 'C:/Users/jrcd_/Documents/Code/MyS/fpga-uart-counter-2/project_1.sdk/design_1_wrapper_hw_platform_0/ps7_init.tcl' is done.
16:16:01 INFO  : Context for 'APU' is selected.
16:16:03 INFO  : Hardware design information is loaded from 'C:/Users/jrcd_/Documents/Code/MyS/fpga-uart-counter-2/project_1.sdk/design_1_wrapper_hw_platform_0/system.hdf'.
16:16:03 INFO  : 'configparams force-mem-access 1' command is executed.
16:16:04 INFO  : Context for 'APU' is selected.
16:16:05 INFO  : 'stop' command is executed.
16:17:31 INFO  : 'ps7_init' command is executed.
16:17:32 INFO  : 'ps7_post_config' command is executed.
16:17:33 INFO  : Context for processor 'ps7_cortexa9_0' is selected.
16:17:34 INFO  : Processor reset is completed for 'ps7_cortexa9_0'.
16:17:34 INFO  : Context for processor 'ps7_cortexa9_0' is selected.
16:17:36 INFO  : The application 'C:/Users/jrcd_/Documents/Code/MyS/fpga-uart-counter-2/project_1.sdk/contador/Debug/contador.elf' is downloaded to processor 'ps7_cortexa9_0'.
16:17:36 INFO  : 'configparams force-mem-access 0' command is executed.
16:17:36 INFO  : ----------------XSDB Script----------------
connect -path [list tcp::1534 tcp:lseserver.ddns.net:3121]
source C:/Users/jrcd_/Documents/Code/MyS/fpga-uart-counter-2/project_1.sdk/design_1_wrapper_hw_platform_0/ps7_init.tcl
targets -set -nocase -filter {name =~"APU*" && jtag_cable_name =~ "Digilent Arty Z7 003017A4C8ABA"} -index 0
loadhw -hw C:/Users/jrcd_/Documents/Code/MyS/fpga-uart-counter-2/project_1.sdk/design_1_wrapper_hw_platform_0/system.hdf -mem-ranges [list {0x40000000 0xbfffffff}]
configparams force-mem-access 1
targets -set -nocase -filter {name =~"APU*" && jtag_cable_name =~ "Digilent Arty Z7 003017A4C8ABA"} -index 0
stop
ps7_init
ps7_post_config
targets -set -nocase -filter {name =~ "ARM*#0" && jtag_cable_name =~ "Digilent Arty Z7 003017A4C8ABA"} -index 0
rst -processor
targets -set -nocase -filter {name =~ "ARM*#0" && jtag_cable_name =~ "Digilent Arty Z7 003017A4C8ABA"} -index 0
dow C:/Users/jrcd_/Documents/Code/MyS/fpga-uart-counter-2/project_1.sdk/contador/Debug/contador.elf
configparams force-mem-access 0
----------------End of Script----------------

16:17:38 INFO  : Memory regions updated for context APU
16:17:38 INFO  : Context for processor 'ps7_cortexa9_0' is selected.
16:17:39 INFO  : 'con' command is executed.
16:17:39 INFO  : ----------------XSDB Script (After Launch)----------------
targets -set -nocase -filter {name =~ "ARM*#0" && jtag_cable_name =~ "Digilent Arty Z7 003017A4C8ABA"} -index 0
con
----------------End of Script----------------

16:17:39 INFO  : Launch script is exported to file 'C:\Users\jrcd_\Documents\Code\MyS\fpga-uart-counter-2\project_1.sdk\.sdk\launch_scripts\xilinx_c-c++_application_(system_debugger)\system_debugger_using_debug_contador.elf_on_server.tcl'
17:41:31 INFO  : Disconnected from the channel tcfchan#5.
17:41:32 INFO  : 'targets -set -filter {jtag_cable_name =~ "Digilent Arty Z7 003017A4C8ABA" && level==0} -index 1' command is executed.
17:41:32 INFO  : 'fpga -state' command is executed.
17:41:33 INFO  : Connected through redirection to target on host 'lseserver.ddns.net' and port '3121'.
17:41:34 WARN  : SDK version '2018.1' doesn't match hw_server version '2023.2'. Some debug features may not work.
17:41:34 INFO  : Jtag cable 'Digilent Arty Z7 003017A4C8ABA' is selected.
17:41:34 INFO  : 'jtag frequency' command is executed.
17:41:34 INFO  : Sourcing of 'C:/Users/jrcd_/Documents/Code/MyS/fpga-uart-counter-2/project_1.sdk/design_1_wrapper_hw_platform_0/ps7_init.tcl' is done.
17:41:35 INFO  : Context for 'APU' is selected.
17:41:38 INFO  : Hardware design information is loaded from 'C:/Users/jrcd_/Documents/Code/MyS/fpga-uart-counter-2/project_1.sdk/design_1_wrapper_hw_platform_0/system.hdf'.
17:41:38 INFO  : 'configparams force-mem-access 1' command is executed.
17:41:38 INFO  : Context for 'APU' is selected.
17:41:40 INFO  : 'stop' command is executed.
17:42:57 INFO  : 'ps7_init' command is executed.
17:42:59 INFO  : 'ps7_post_config' command is executed.
17:42:59 INFO  : Context for processor 'ps7_cortexa9_0' is selected.
17:43:00 INFO  : Processor reset is completed for 'ps7_cortexa9_0'.
17:43:01 INFO  : Context for processor 'ps7_cortexa9_0' is selected.
17:43:02 INFO  : The application 'C:/Users/jrcd_/Documents/Code/MyS/fpga-uart-counter-2/project_1.sdk/contador/Debug/contador.elf' is downloaded to processor 'ps7_cortexa9_0'.
17:43:02 INFO  : 'configparams force-mem-access 0' command is executed.
17:43:02 INFO  : ----------------XSDB Script----------------
connect -path [list tcp::1534 tcp:lseserver.ddns.net:3121]
source C:/Users/jrcd_/Documents/Code/MyS/fpga-uart-counter-2/project_1.sdk/design_1_wrapper_hw_platform_0/ps7_init.tcl
targets -set -nocase -filter {name =~"APU*" && jtag_cable_name =~ "Digilent Arty Z7 003017A4C8ABA"} -index 0
loadhw -hw C:/Users/jrcd_/Documents/Code/MyS/fpga-uart-counter-2/project_1.sdk/design_1_wrapper_hw_platform_0/system.hdf -mem-ranges [list {0x40000000 0xbfffffff}]
configparams force-mem-access 1
targets -set -nocase -filter {name =~"APU*" && jtag_cable_name =~ "Digilent Arty Z7 003017A4C8ABA"} -index 0
stop
ps7_init
ps7_post_config
targets -set -nocase -filter {name =~ "ARM*#0" && jtag_cable_name =~ "Digilent Arty Z7 003017A4C8ABA"} -index 0
rst -processor
targets -set -nocase -filter {name =~ "ARM*#0" && jtag_cable_name =~ "Digilent Arty Z7 003017A4C8ABA"} -index 0
dow C:/Users/jrcd_/Documents/Code/MyS/fpga-uart-counter-2/project_1.sdk/contador/Debug/contador.elf
configparams force-mem-access 0
----------------End of Script----------------

17:43:04 INFO  : Memory regions updated for context APU
17:43:04 INFO  : Context for processor 'ps7_cortexa9_0' is selected.
17:43:04 INFO  : 'con' command is executed.
17:43:04 INFO  : ----------------XSDB Script (After Launch)----------------
targets -set -nocase -filter {name =~ "ARM*#0" && jtag_cable_name =~ "Digilent Arty Z7 003017A4C8ABA"} -index 0
con
----------------End of Script----------------

17:43:04 INFO  : Launch script is exported to file 'C:\Users\jrcd_\Documents\Code\MyS\fpga-uart-counter-2\project_1.sdk\.sdk\launch_scripts\xilinx_c-c++_application_(system_debugger)\system_debugger_using_debug_contador.elf_on_server.tcl'
17:52:19 INFO  : Disconnected from the channel tcfchan#6.
17:52:20 INFO  : 'targets -set -filter {jtag_cable_name =~ "Digilent Arty Z7 003017A4C8ABA" && level==0} -index 1' command is executed.
17:52:20 INFO  : 'fpga -state' command is executed.
17:52:21 INFO  : Connected through redirection to target on host 'lseserver.ddns.net' and port '3121'.
17:52:22 WARN  : SDK version '2018.1' doesn't match hw_server version '2023.2'. Some debug features may not work.
17:52:22 INFO  : Jtag cable 'Digilent Arty Z7 003017A4C8ABA' is selected.
17:52:22 INFO  : 'jtag frequency' command is executed.
17:52:22 INFO  : Sourcing of 'C:/Users/jrcd_/Documents/Code/MyS/fpga-uart-counter-2/project_1.sdk/design_1_wrapper_hw_platform_0/ps7_init.tcl' is done.
17:52:23 INFO  : Context for 'APU' is selected.
17:52:26 INFO  : Hardware design information is loaded from 'C:/Users/jrcd_/Documents/Code/MyS/fpga-uart-counter-2/project_1.sdk/design_1_wrapper_hw_platform_0/system.hdf'.
17:52:26 INFO  : 'configparams force-mem-access 1' command is executed.
17:52:26 INFO  : Context for 'APU' is selected.
17:52:28 INFO  : 'stop' command is executed.
17:53:45 INFO  : 'ps7_init' command is executed.
17:53:46 INFO  : 'ps7_post_config' command is executed.
17:53:47 INFO  : Context for processor 'ps7_cortexa9_0' is selected.
17:53:48 INFO  : Processor reset is completed for 'ps7_cortexa9_0'.
17:53:48 INFO  : Context for processor 'ps7_cortexa9_0' is selected.
17:53:50 INFO  : The application 'C:/Users/jrcd_/Documents/Code/MyS/fpga-uart-counter-2/project_1.sdk/contador/Debug/contador.elf' is downloaded to processor 'ps7_cortexa9_0'.
17:53:50 INFO  : 'configparams force-mem-access 0' command is executed.
17:53:50 INFO  : ----------------XSDB Script----------------
connect -path [list tcp::1534 tcp:lseserver.ddns.net:3121]
source C:/Users/jrcd_/Documents/Code/MyS/fpga-uart-counter-2/project_1.sdk/design_1_wrapper_hw_platform_0/ps7_init.tcl
targets -set -nocase -filter {name =~"APU*" && jtag_cable_name =~ "Digilent Arty Z7 003017A4C8ABA"} -index 0
loadhw -hw C:/Users/jrcd_/Documents/Code/MyS/fpga-uart-counter-2/project_1.sdk/design_1_wrapper_hw_platform_0/system.hdf -mem-ranges [list {0x40000000 0xbfffffff}]
configparams force-mem-access 1
targets -set -nocase -filter {name =~"APU*" && jtag_cable_name =~ "Digilent Arty Z7 003017A4C8ABA"} -index 0
stop
ps7_init
ps7_post_config
targets -set -nocase -filter {name =~ "ARM*#0" && jtag_cable_name =~ "Digilent Arty Z7 003017A4C8ABA"} -index 0
rst -processor
targets -set -nocase -filter {name =~ "ARM*#0" && jtag_cable_name =~ "Digilent Arty Z7 003017A4C8ABA"} -index 0
dow C:/Users/jrcd_/Documents/Code/MyS/fpga-uart-counter-2/project_1.sdk/contador/Debug/contador.elf
configparams force-mem-access 0
----------------End of Script----------------

17:53:51 INFO  : Memory regions updated for context APU
17:53:52 INFO  : Context for processor 'ps7_cortexa9_0' is selected.
17:53:52 INFO  : 'con' command is executed.
17:53:52 INFO  : ----------------XSDB Script (After Launch)----------------
targets -set -nocase -filter {name =~ "ARM*#0" && jtag_cable_name =~ "Digilent Arty Z7 003017A4C8ABA"} -index 0
con
----------------End of Script----------------

17:53:52 INFO  : Launch script is exported to file 'C:\Users\jrcd_\Documents\Code\MyS\fpga-uart-counter-2\project_1.sdk\.sdk\launch_scripts\xilinx_c-c++_application_(system_debugger)\system_debugger_using_debug_contador.elf_on_server.tcl'
